<?xml version="1.0" encoding="UTF-8"?>
<testsuite xmlns:xsi="http://www.w3.org/2001/XMLSchema-instance" xsi:noNamespaceSchemaLocation="https://maven.apache.org/surefire/maven-surefire-plugin/xsd/surefire-test-report.xsd" name="com.aladdin.AppTest" time="0.024" tests="1" errors="0" skipped="0" failures="0">
  <properties>
    <property name="sun.desktop" value="windows"/>
    <property name="awt.toolkit" value="sun.awt.windows.WToolkit"/>
    <property name="file.encoding.pkg" value="sun.io"/>
    <property name="java.specification.version" value="1.8"/>
    <property name="sun.cpu.isalist" value="amd64"/>
    <property name="sun.jnu.encoding" value="GBK"/>
    <property name="java.class.path" value="D:\work\mywork\aladdin\extract-interface\target\test-classes;D:\work\mywork\aladdin\extract-interface\target\classes;D:\work\maven-Repository\junit\junit\4.11\junit-4.11.jar;D:\work\mywork\aladdin\extract-pojo\target\extract-pojo-1.0-SNAPSHOT.jar;D:\work\maven-Repository\org\springframework\spring-aop\4.3.0.RELEASE\spring-aop-4.3.0.RELEASE.jar;D:\work\maven-Repository\org\springframework\spring-beans\4.3.0.RELEASE\spring-beans-4.3.0.RELEASE.jar;D:\work\maven-Repository\org\springframework\spring-context\4.3.1.RELEASE\spring-context-4.3.1.RELEASE.jar;D:\work\maven-Repository\org\springframework\spring-core\4.3.0.RELEASE\spring-core-4.3.0.RELEASE.jar;D:\work\maven-Repository\org\springframework\data\spring-data-redis\1.6.2.RELEASE\spring-data-redis-1.6.2.RELEASE.jar;D:\work\maven-Repository\org\springframework\spring-context-support\4.1.9.RELEASE\spring-context-support-4.1.9.RELEASE.jar;D:\work\maven-Repository\org\springframework\spring-expression\4.3.19.RELEASE\spring-expression-4.3.19.RELEASE.jar;D:\work\maven-Repository\org\springframework\spring-jdbc\4.3.10.RELEASE\spring-jdbc-4.3.10.RELEASE.jar;D:\work\maven-Repository\org\springframework\spring-test\4.3.8.RELEASE\spring-test-4.3.8.RELEASE.jar;D:\work\maven-Repository\org\springframework\spring-tx\4.3.19.RELEASE\spring-tx-4.3.19.RELEASE.jar;D:\work\maven-Repository\org\springframework\spring-web\4.3.10.RELEASE\spring-web-4.3.10.RELEASE.jar;D:\work\maven-Repository\org\springframework\spring-webmvc\4.3.10.RELEASE\spring-webmvc-4.3.10.RELEASE.jar;D:\work\maven-Repository\com\alibaba\dubbo\2.5.3\dubbo-2.5.3.jar;D:\work\maven-Repository\org\jboss\netty\netty\3.2.5.Final\netty-3.2.5.Final.jar;D:\work\maven-Repository\com\101tec\zkclient\0.10\zkclient-0.10.jar;D:\work\maven-Repository\org\apache\zookeeper\zookeeper\3.3.6\zookeeper-3.3.6.jar;D:\work\maven-Repository\jline\jline\0.9.94\jline-0.9.94.jar;D:\work\maven-Repository\org\apache\shiro\shiro-core\1.3.2\shiro-core-1.3.2.jar;D:\work\maven-Repository\org\apache\shiro\shiro-ehcache\1.2.3\shiro-ehcache-1.2.3.jar;D:\work\maven-Repository\org\apache\shiro\shiro-spring\1.3.2\shiro-spring-1.3.2.jar;D:\work\maven-Repository\org\apache\shiro\shiro-web\1.2.2\shiro-web-1.2.2.jar;D:\work\maven-Repository\com\fasterxml\jackson\core\jackson-annotations\2.6.0\jackson-annotations-2.6.0.jar;D:\work\maven-Repository\com\fasterxml\jackson\core\jackson-core\2.6.6\jackson-core-2.6.6.jar;D:\work\maven-Repository\redis\clients\jedis\2.9.0\jedis-2.9.0.jar;D:\work\maven-Repository\org\apache\poi\poi-ooxml\3.17\poi-ooxml-3.17.jar;D:\work\maven-Repository\com\github\virtuald\curvesapi\1.04\curvesapi-1.04.jar;D:\work\maven-Repository\org\apache\poi\poi-ooxml-schemas\3.9\poi-ooxml-schemas-3.9.jar;D:\work\maven-Repository\org\apache\xmlbeans\xmlbeans\2.3.0\xmlbeans-2.3.0.jar;D:\work\maven-Repository\stax\stax-api\1.0.1\stax-api-1.0.1.jar;D:\work\maven-Repository\commons-beanutils\commons-beanutils\1.9.2\commons-beanutils-1.9.2.jar;D:\work\maven-Repository\commons-collections\commons-collections\3.2.1\commons-collections-3.2.1.jar;D:\work\maven-Repository\org\apache\commons\commons-dbcp2\2.1.1\commons-dbcp2-2.1.1.jar;D:\work\maven-Repository\commons-logging\commons-logging\1.2\commons-logging-1.2.jar;D:\work\maven-Repository\org\apache\commons\commons-pool2\2.4.2\commons-pool2-2.4.2.jar;D:\work\maven-Repository\net\sf\ehcache\ehcache-core\2.4.3\ehcache-core-2.4.3.jar;D:\work\maven-Repository\org\hamcrest\hamcrest-core\1.3\hamcrest-core-1.3.jar;D:\work\maven-Repository\org\javassist\javassist\3.18.0-GA\javassist-3.18.0-GA.jar;D:\work\maven-Repository\javax\servlet\jstl\1.2\jstl-1.2.jar;D:\work\maven-Repository\log4j\log4j\1.2.16\log4j-1.2.16.jar;D:\work\maven-Repository\org\mybatis\mybatis\3.4.2\mybatis-3.4.2.jar;D:\work\maven-Repository\org\mybatis\mybatis-spring\1.3.0\mybatis-spring-1.3.0.jar;D:\work\maven-Repository\io\netty\netty\3.6.3.Final\netty-3.6.3.Final.jar;D:\work\maven-Repository\org\aspectj\aspectjweaver\1.5.4\aspectjweaver-1.5.4.jar;D:\work\maven-Repository\org\slf4j\slf4j-api\1.7.25\slf4j-api-1.7.25.jar;D:\work\maven-Repository\org\slf4j\slf4j-log4j12\1.7.25\slf4j-log4j12-1.7.25.jar;D:\work\maven-Repository\com\fasterxml\jackson\core\jackson-databind\2.6.7\jackson-databind-2.6.7.jar;D:\work\maven-Repository\mysql\mysql-connector-java\5.1.30\mysql-connector-java-5.1.30.jar;D:\work\maven-Repository\com\github\pagehelper\pagehelper\4.2.1\pagehelper-4.2.1.jar;D:\work\maven-Repository\com\github\jsqlparser\jsqlparser\0.9.5\jsqlparser-0.9.5.jar;D:\work\maven-Repository\org\apache\poi\poi\3.17\poi-3.17.jar;D:\work\maven-Repository\commons-codec\commons-codec\1.10\commons-codec-1.10.jar;D:\work\maven-Repository\org\apache\commons\commons-collections4\4.1\commons-collections4-4.1.jar;D:\work\maven-Repository\javax\servlet\javax.servlet-api\3.0.1\javax.servlet-api-3.0.1.jar;D:\work\maven-Repository\org\springframework\amqp\spring-rabbit\1.3.5.RELEASE\spring-rabbit-1.3.5.RELEASE.jar;D:\work\maven-Repository\org\springframework\amqp\spring-amqp\1.3.5.RELEASE\spring-amqp-1.3.5.RELEASE.jar;D:\work\maven-Repository\org\springframework\retry\spring-retry\1.1.0.RELEASE\spring-retry-1.1.0.RELEASE.jar;D:\work\maven-Repository\com\rabbitmq\amqp-client\3.3.4\amqp-client-3.3.4.jar;"/>
    <property name="java.vm.vendor" value="Oracle Corporation"/>
    <property name="sun.arch.data.model" value="64"/>
    <property name="user.variant" value=""/>
    <property name="java.vendor.url" value="http://java.oracle.com/"/>
    <property name="user.timezone" value="Asia/Shanghai"/>
    <property name="java.vm.specification.version" value="1.8"/>
    <property name="os.name" value="Windows 10"/>
    <property name="user.country" value="CN"/>
    <property name="sun.java.launcher" value="SUN_STANDARD"/>
    <property name="sun.boot.library.path" value="C:\Program Files\Java\jdk1.8.0_191\jre\bin"/>
    <property name="sun.java.command" value="C:\Users\李标\AppData\Local\Temp\surefire6775263445544543184\surefirebooter6298645826793016067.jar C:\Users\李标\AppData\Local\Temp\surefire6775263445544543184 2019-11-09T23-26-45_261-jvmRun1 surefire7585927512238622313tmp surefire_08960600555980322627tmp"/>
    <property name="surefire.test.class.path" value="D:\work\mywork\aladdin\extract-interface\target\test-classes;D:\work\mywork\aladdin\extract-interface\target\classes;D:\work\maven-Repository\junit\junit\4.11\junit-4.11.jar;D:\work\mywork\aladdin\extract-pojo\target\extract-pojo-1.0-SNAPSHOT.jar;D:\work\maven-Repository\org\springframework\spring-aop\4.3.0.RELEASE\spring-aop-4.3.0.RELEASE.jar;D:\work\maven-Repository\org\springframework\spring-beans\4.3.0.RELEASE\spring-beans-4.3.0.RELEASE.jar;D:\work\maven-Repository\org\springframework\spring-context\4.3.1.RELEASE\spring-context-4.3.1.RELEASE.jar;D:\work\maven-Repository\org\springframework\spring-core\4.3.0.RELEASE\spring-core-4.3.0.RELEASE.jar;D:\work\maven-Repository\org\springframework\data\spring-data-redis\1.6.2.RELEASE\spring-data-redis-1.6.2.RELEASE.jar;D:\work\maven-Repository\org\springframework\spring-context-support\4.1.9.RELEASE\spring-context-support-4.1.9.RELEASE.jar;D:\work\maven-Repository\org\springframework\spring-expression\4.3.19.RELEASE\spring-expression-4.3.19.RELEASE.jar;D:\work\maven-Repository\org\springframework\spring-jdbc\4.3.10.RELEASE\spring-jdbc-4.3.10.RELEASE.jar;D:\work\maven-Repository\org\springframework\spring-test\4.3.8.RELEASE\spring-test-4.3.8.RELEASE.jar;D:\work\maven-Repository\org\springframework\spring-tx\4.3.19.RELEASE\spring-tx-4.3.19.RELEASE.jar;D:\work\maven-Repository\org\springframework\spring-web\4.3.10.RELEASE\spring-web-4.3.10.RELEASE.jar;D:\work\maven-Repository\org\springframework\spring-webmvc\4.3.10.RELEASE\spring-webmvc-4.3.10.RELEASE.jar;D:\work\maven-Repository\com\alibaba\dubbo\2.5.3\dubbo-2.5.3.jar;D:\work\maven-Repository\org\jboss\netty\netty\3.2.5.Final\netty-3.2.5.Final.jar;D:\work\maven-Repository\com\101tec\zkclient\0.10\zkclient-0.10.jar;D:\work\maven-Repository\org\apache\zookeeper\zookeeper\3.3.6\zookeeper-3.3.6.jar;D:\work\maven-Repository\jline\jline\0.9.94\jline-0.9.94.jar;D:\work\maven-Repository\org\apache\shiro\shiro-core\1.3.2\shiro-core-1.3.2.jar;D:\work\maven-Repository\org\apache\shiro\shiro-ehcache\1.2.3\shiro-ehcache-1.2.3.jar;D:\work\maven-Repository\org\apache\shiro\shiro-spring\1.3.2\shiro-spring-1.3.2.jar;D:\work\maven-Repository\org\apache\shiro\shiro-web\1.2.2\shiro-web-1.2.2.jar;D:\work\maven-Repository\com\fasterxml\jackson\core\jackson-annotations\2.6.0\jackson-annotations-2.6.0.jar;D:\work\maven-Repository\com\fasterxml\jackson\core\jackson-core\2.6.6\jackson-core-2.6.6.jar;D:\work\maven-Repository\redis\clients\jedis\2.9.0\jedis-2.9.0.jar;D:\work\maven-Repository\org\apache\poi\poi-ooxml\3.17\poi-ooxml-3.17.jar;D:\work\maven-Repository\com\github\virtuald\curvesapi\1.04\curvesapi-1.04.jar;D:\work\maven-Repository\org\apache\poi\poi-ooxml-schemas\3.9\poi-ooxml-schemas-3.9.jar;D:\work\maven-Repository\org\apache\xmlbeans\xmlbeans\2.3.0\xmlbeans-2.3.0.jar;D:\work\maven-Repository\stax\stax-api\1.0.1\stax-api-1.0.1.jar;D:\work\maven-Repository\commons-beanutils\commons-beanutils\1.9.2\commons-beanutils-1.9.2.jar;D:\work\maven-Repository\commons-collections\commons-collections\3.2.1\commons-collections-3.2.1.jar;D:\work\maven-Repository\org\apache\commons\commons-dbcp2\2.1.1\commons-dbcp2-2.1.1.jar;D:\work\maven-Repository\commons-logging\commons-logging\1.2\commons-logging-1.2.jar;D:\work\maven-Repository\org\apache\commons\commons-pool2\2.4.2\commons-pool2-2.4.2.jar;D:\work\maven-Repository\net\sf\ehcache\ehcache-core\2.4.3\ehcache-core-2.4.3.jar;D:\work\maven-Repository\org\hamcrest\hamcrest-core\1.3\hamcrest-core-1.3.jar;D:\work\maven-Repository\org\javassist\javassist\3.18.0-GA\javassist-3.18.0-GA.jar;D:\work\maven-Repository\javax\servlet\jstl\1.2\jstl-1.2.jar;D:\work\maven-Repository\log4j\log4j\1.2.16\log4j-1.2.16.jar;D:\work\maven-Repository\org\mybatis\mybatis\3.4.2\mybatis-3.4.2.jar;D:\work\maven-Repository\org\mybatis\mybatis-spring\1.3.0\mybatis-spring-1.3.0.jar;D:\work\maven-Repository\io\netty\netty\3.6.3.Final\netty-3.6.3.Final.jar;D:\work\maven-Repository\org\aspectj\aspectjweaver\1.5.4\aspectjweaver-1.5.4.jar;D:\work\maven-Repository\org\slf4j\slf4j-api\1.7.25\slf4j-api-1.7.25.jar;D:\work\maven-Repository\org\slf4j\slf4j-log4j12\1.7.25\slf4j-log4j12-1.7.25.jar;D:\work\maven-Repository\com\fasterxml\jackson\core\jackson-databind\2.6.7\jackson-databind-2.6.7.jar;D:\work\maven-Repository\mysql\mysql-connector-java\5.1.30\mysql-connector-java-5.1.30.jar;D:\work\maven-Repository\com\github\pagehelper\pagehelper\4.2.1\pagehelper-4.2.1.jar;D:\work\maven-Repository\com\github\jsqlparser\jsqlparser\0.9.5\jsqlparser-0.9.5.jar;D:\work\maven-Repository\org\apache\poi\poi\3.17\poi-3.17.jar;D:\work\maven-Repository\commons-codec\commons-codec\1.10\commons-codec-1.10.jar;D:\work\maven-Repository\org\apache\commons\commons-collections4\4.1\commons-collections4-4.1.jar;D:\work\maven-Repository\javax\servlet\javax.servlet-api\3.0.1\javax.servlet-api-3.0.1.jar;D:\work\maven-Repository\org\springframework\amqp\spring-rabbit\1.3.5.RELEASE\spring-rabbit-1.3.5.RELEASE.jar;D:\work\maven-Repository\org\springframework\amqp\spring-amqp\1.3.5.RELEASE\spring-amqp-1.3.5.RELEASE.jar;D:\work\maven-Repository\org\springframework\retry\spring-retry\1.1.0.RELEASE\spring-retry-1.1.0.RELEASE.jar;D:\work\maven-Repository\com\rabbitmq\amqp-client\3.3.4\amqp-client-3.3.4.jar;"/>
    <property name="sun.cpu.endian" value="little"/>
    <property name="user.home" value="C:\Users\李标"/>
    <property name="user.language" value="zh"/>
    <property name="java.specification.vendor" value="Oracle Corporation"/>
    <property name="java.home" value="C:\Program Files\Java\jdk1.8.0_191\jre"/>
    <property name="basedir" value="D:\work\mywork\aladdin\extract-interface"/>
    <property name="file.separator" value="\"/>
    <property name="line.separator" value="&#10;"/>
    <property name="java.vm.specification.vendor" value="Oracle Corporation"/>
    <property name="java.specification.name" value="Java Platform API Specification"/>
    <property name="java.awt.graphicsenv" value="sun.awt.Win32GraphicsEnvironment"/>
    <property name="surefire.real.class.path" value="C:\Users\李标\AppData\Local\Temp\surefire6775263445544543184\surefirebooter6298645826793016067.jar"/>
    <property name="sun.boot.class.path" value="C:\Program Files\Java\jdk1.8.0_191\jre\lib\resources.jar;C:\Program Files\Java\jdk1.8.0_191\jre\lib\rt.jar;C:\Program Files\Java\jdk1.8.0_191\jre\lib\sunrsasign.jar;C:\Program Files\Java\jdk1.8.0_191\jre\lib\jsse.jar;C:\Program Files\Java\jdk1.8.0_191\jre\lib\jce.jar;C:\Program Files\Java\jdk1.8.0_191\jre\lib\charsets.jar;C:\Program Files\Java\jdk1.8.0_191\jre\lib\jfr.jar;C:\Program Files\Java\jdk1.8.0_191\jre\classes"/>
    <property name="user.script" value=""/>
    <property name="sun.management.compiler" value="HotSpot 64-Bit Tiered Compilers"/>
    <property name="java.runtime.version" value="1.8.0_191-b12"/>
    <property name="user.name" value="李标"/>
    <property name="path.separator" value=";"/>
    <property name="os.version" value="10.0"/>
    <property name="java.endorsed.dirs" value="C:\Program Files\Java\jdk1.8.0_191\jre\lib\endorsed"/>
    <property name="java.runtime.name" value="Java(TM) SE Runtime Environment"/>
    <property name="file.encoding" value="GBK"/>
    <property name="java.vm.name" value="Java HotSpot(TM) 64-Bit Server VM"/>
    <property name="localRepository" value="D:\work\maven-Repository"/>
    <property name="java.vendor.url.bug" value="http://bugreport.sun.com/bugreport/"/>
    <property name="java.io.tmpdir" value="C:\Users\李标\AppData\Local\Temp\"/>
    <property name="java.version" value="1.8.0_191"/>
    <property name="user.dir" value="D:\work\mywork\aladdin\extract-interface"/>
    <property name="os.arch" value="amd64"/>
    <property name="java.vm.specification.name" value="Java Virtual Machine Specification"/>
    <property name="java.awt.printerjob" value="sun.awt.windows.WPrinterJob"/>
    <property name="idea.version2019.1.3" value="true"/>
    <property name="sun.os.patch.level" value=""/>
    <property name="java.library.path" value="C:\Program Files\Java\jdk1.8.0_191\jre\bin;C:\WINDOWS\Sun\Java\bin;C:\WINDOWS\system32;C:\WINDOWS;D:\work\Python2.7\;D:\work\Python2.7\Scripts;C:\Program Files (x86)\Common Files\Oracle\Java\javapath;C:\Program Files (x86)\Intel\Intel(R) Management Engine Components\iCLS\;C:\Program Files\Intel\Intel(R) Management Engine Components\iCLS\;C:\Windows\system32;C:\Windows;C:\Windows\System32\Wbem;C:\Windows\System32\WindowsPowerShell\v1.0\;C:\Program Files (x86)\NVIDIA Corporation\PhysX\Common;C:\Program Files (x86)\Intel\Intel(R) Management Engine Components\DAL;C:\Program Files\Intel\Intel(R) Management Engine Components\DAL;C:\Program Files (x86)\Intel\Intel(R) Management Engine Components\IPT;C:\Program Files\Intel\Intel(R) Management Engine Components\IPT;C:\Program Files\Git\cmd;C:\Program Files\Java\jdk1.8.0_191\bin;C:\Program Files\Java\jdk1.8.0_191\jre\bin;D:\work\svn\bin;D:\work\MySQL\mysql-5.7.20-winx64\bin;D:\work\apache-maven-3.5.3\bin;C:\WINDOWS\system32;C:\WINDOWS;C:\WINDOWS\System32\Wbem;C:\WINDOWS\System32\WindowsPowerShell\v1.0\;C:\WINDOWS\System32\OpenSSH\;D:\work\Node\;C:\Program Files (x86)\GtkSharp\2.12\bin;C:\Program Files\Intel\WiFi\bin\;C:\Program Files\Common Files\Intel\WirelessCommon\;D:\soft\tortoisegit\bin;D:\work\MinGW\bin;D:\work\erl8.3\bin;C:\Users\李标\AppData\Local\Microsoft\WindowsApps;C:\Program Files\Java\jdk1.8.0_191\bin;C:\Program Files\Java\jdk1.8.0_191\jre\bin;D:\Software\;D:\work\mywork\redis;D:\work\apache-maven-3.5.3\bin;C:\Users\李标\AppData\Roaming\npm;D:\work\Node\node_global;C:\Users\李标\AppData\Local\GitHubDesktop\bin;D:\work\MinGW\bin;D:\work\gradle\gradle-5.6\bin;;%USERPROFILE%\AppData\Local\Microsoft\WindowsApps;."/>
    <property name="java.vm.info" value="mixed mode"/>
    <property name="java.vendor" value="Oracle Corporation"/>
    <property name="java.vm.version" value="25.191-b12"/>
    <property name="java.ext.dirs" value="C:\Program Files\Java\jdk1.8.0_191\jre\lib\ext;C:\WINDOWS\Sun\Java\lib\ext"/>
    <property name="sun.io.unicode.encoding" value="UnicodeLittle"/>
    <property name="maven.repo.local" value="D:\work\maven-Repository"/>
    <property name="java.class.version" value="52.0"/>
  </properties>
  <testcase name="shouldAnswerWithTrue" classname="com.aladdin.AppTest" time="0.001"/>
</testsuite>